# JRE version: OpenJDK Runtime Environment (11.0.11+9) (build 11.0.11+9-b60-7590822)
# Java VM: OpenJDK 64-Bit Server VM (11.0.11+9-b60-7590822, mixed mode, tiered, compressed oops, g1 gc, windows-amd64)
Heap:
 garbage-first heap   total 312320K, used 224224K [0x0000000080000000, 0x0000000100000000)
  region size 1024K, 87 young (89088K), 10 survivors (10240K)
 Metaspace       used 110166K, capacity 112687K, committed 113060K, reserved 1148928K
  class space    used 13720K, capacity 14596K, committed 14720K, reserved 1048576K
GC Heap History (20 events):
Event: 17.021 GC heap before
{Heap before GC invocations=11 (full 0):
 garbage-first heap   total 260096K, used 179954K [0x0000000080000000, 0x0000000100000000)
  region size 1024K, 140 young (143360K), 18 survivors (18432K)
 Metaspace       used 68441K, capacity 70198K, committed 70308K, reserved 1110016K
  class space    used 8625K, capacity 9238K, committed 9344K, reserved 1048576K
}
Event: 17.060 GC heap after
{Heap after GC invocations=12 (full 0):
 garbage-first heap   total 260096K, used 64061K [0x0000000080000000, 0x0000000100000000)
  region size 1024K, 18 young (18432K), 18 survivors (18432K)
 Metaspace       used 68441K, capacity 70198K, committed 70308K, reserved 1110016K
  class space    used 8625K, capacity 9238K, committed 9344K, reserved 1048576K
}
Event: 19.963 GC heap before
{Heap before GC invocations=12 (full 0):
 garbage-first heap   total 260096K, used 219709K [0x0000000080000000, 0x0000000100000000)
  region size 1024K, 137 young (140288K), 18 survivors (18432K)
 Metaspace       used 77610K, capacity 79425K, committed 79524K, reserved 1118208K
  class space    used 9958K, capacity 10594K, committed 10624K, reserved 1048576K
}
Event: 19.993 GC heap after
{Heap after GC invocations=13 (full 0):
 garbage-first heap   total 260096K, used 73967K [0x0000000080000000, 0x0000000100000000)
  region size 1024K, 16 young (16384K), 16 survivors (16384K)
 Metaspace       used 77610K, capacity 79425K, committed 79524K, reserved 1118208K
  class space    used 9958K, capacity 10594K, committed 10624K, reserved 1048576K
}
Event: 25.286 GC heap before
{Heap before GC invocations=13 (full 0):
 garbage-first heap   total 260096K, used 192751K [0x0000000080000000, 0x0000000100000000)
  region size 1024K, 132 young (135168K), 16 survivors (16384K)
 Metaspace       used 88088K, capacity 90103K, committed 90148K, reserved 1128448K
  class space    used 11266K, capacity 11999K, committed 12032K, reserved 1048576K
}
Event: 25.329 GC heap after
{Heap after GC invocations=14 (full 0):
 garbage-first heap   total 260096K, used 81920K [0x0000000080000000, 0x0000000100000000)
  region size 1024K, 17 young (17408K), 17 survivors (17408K)
 Metaspace       used 88088K, capacity 90103K, committed 90148K, reserved 1128448K
  class space    used 11266K, capacity 11999K, committed 12032K, reserved 1048576K
}
Event: 28.124 GC heap before
{Heap before GC invocations=14 (full 0):
 garbage-first heap   total 260096K, used 198656K [0x0000000080000000, 0x0000000100000000)
  region size 1024K, 129 young (132096K), 17 survivors (17408K)
 Metaspace       used 89912K, capacity 92122K, committed 92324K, reserved 1130496K
  class space    used 11481K, capacity 12292K, committed 12416K, reserved 1048576K
}
Event: 28.171 GC heap after
{Heap after GC invocations=15 (full 0):
 garbage-first heap   total 260096K, used 101699K [0x0000000080000000, 0x0000000100000000)
  region size 1024K, 17 young (17408K), 17 survivors (17408K)
 Metaspace       used 89912K, capacity 92122K, committed 92324K, reserved 1130496K
  class space    used 11481K, capacity 12292K, committed 12416K, reserved 1048576K
}
Event: 29.495 GC heap before
{Heap before GC invocations=15 (full 0):
 garbage-first heap   total 260096K, used 205123K [0x0000000080000000, 0x0000000100000000)
  region size 1024K, 111 young (113664K), 17 survivors (17408K)
 Metaspace       used 91214K, capacity 93367K, committed 93732K, reserved 1130496K
  class space    used 11618K, capacity 12431K, committed 12544K, reserved 1048576K
}
Event: 29.550 GC heap after
{Heap after GC invocations=16 (full 0):
 garbage-first heap   total 260096K, used 123904K [0x0000000080000000, 0x0000000100000000)
  region size 1024K, 14 young (14336K), 14 survivors (14336K)
 Metaspace       used 91214K, capacity 93367K, committed 93732K, reserved 1130496K
  class space    used 11618K, capacity 12431K, committed 12544K, reserved 1048576K
}
Event: 30.539 GC heap before
{Heap before GC invocations=16 (full 0):
 garbage-first heap   total 260096K, used 199680K [0x0000000080000000, 0x0000000100000000)
  region size 1024K, 83 young (84992K), 14 survivors (14336K)
 Metaspace       used 93374K, capacity 95517K, committed 95780K, reserved 1132544K
  class space    used 11890K, capacity 12698K, committed 12800K, reserved 1048576K
}
Event: 30.595 GC heap after
{Heap after GC invocations=17 (full 0):
 garbage-first heap   total 312320K, used 136192K [0x0000000080000000, 0x0000000100000000)
  region size 1024K, 9 young (9216K), 9 survivors (9216K)
 Metaspace       used 93374K, capacity 95517K, committed 95780K, reserved 1132544K
  class space    used 11890K, capacity 12698K, committed 12800K, reserved 1048576K
}
Event: 35.574 GC heap before
{Heap before GC invocations=18 (full 0):
 garbage-first heap   total 312320K, used 244736K [0x0000000080000000, 0x0000000100000000)
  region size 1024K, 95 young (97280K), 9 survivors (9216K)
 Metaspace       used 99564K, capacity 101830K, committed 101924K, reserved 1138688K
  class space    used 12421K, capacity 13225K, committed 13312K, reserved 1048576K
}
Event: 35.608 GC heap after
{Heap after GC invocations=19 (full 0):
 garbage-first heap   total 312320K, used 138752K [0x0000000080000000, 0x0000000100000000)
  region size 1024K, 12 young (12288K), 12 survivors (12288K)
 Metaspace       used 99564K, capacity 101830K, committed 101924K, reserved 1138688K
  class space    used 12421K, capacity 13225K, committed 13312K, reserved 1048576K
}
Event: 37.362 GC heap before
{Heap before GC invocations=19 (full 0):
 garbage-first heap   total 312320K, used 226816K [0x0000000080000000, 0x0000000100000000)
  region size 1024K, 98 young (100352K), 12 survivors (12288K)
 Metaspace       used 101455K, capacity 103716K, committed 103844K, reserved 1140736K
  class space    used 12614K, capacity 13408K, committed 13440K, reserved 1048576K
}
Event: 37.383 GC heap after
{Heap after GC invocations=20 (full 0):
 garbage-first heap   total 312320K, used 140288K [0x0000000080000000, 0x0000000100000000)
  region size 1024K, 10 young (10240K), 10 survivors (10240K)
 Metaspace       used 101455K, capacity 103716K, committed 103844K, reserved 1140736K
  class space    used 12614K, capacity 13408K, committed 13440K, reserved 1048576K
}
Event: 39.637 GC heap before
{Heap before GC invocations=20 (full 0):
 garbage-first heap   total 312320K, used 229376K [0x0000000080000000, 0x0000000100000000)
  region size 1024K, 98 young (100352K), 10 survivors (10240K)
 Metaspace       used 104422K, capacity 106676K, committed 106788K, reserved 1142784K
  class space    used 12990K, capacity 13793K, committed 13824K, reserved 1048576K
}
Event: 39.661 GC heap after
{Heap after GC invocations=21 (full 0):
 garbage-first heap   total 312320K, used 144297K [0x0000000080000000, 0x0000000100000000)
  region size 1024K, 7 young (7168K), 7 survivors (7168K)
 Metaspace       used 104422K, capacity 106676K, committed 106788K, reserved 1142784K
  class space    used 12990K, capacity 13793K, committed 13824K, reserved 1048576K
}
Event: 44.867 GC heap before
{Heap before GC invocations=21 (full 0):
 garbage-first heap   total 312320K, used 234409K [0x0000000080000000, 0x0000000100000000)
  region size 1024K, 96 young (98304K), 7 survivors (7168K)
 Metaspace       used 105604K, capacity 107799K, committed 107940K, reserved 1142784K
  class space    used 13118K, capacity 13913K, committed 13952K, reserved 1048576K
}
Event: 44.888 GC heap after
{Heap after GC invocations=22 (full 0):
 garbage-first heap   total 312320K, used 147424K [0x0000000080000000, 0x0000000100000000)
  region size 1024K, 10 young (10240K), 10 survivors (10240K)
 Metaspace       used 105604K, capacity 107799K, committed 107940K, reserved 1142784K
  class space    used 13118K, capacity 13913K, committed 13952K, reserved 1048576K
}

