# JRE version: OpenJDK Runtime Environment (11.0.11+9) (build 11.0.11+9-b60-7590822)
# Java VM: OpenJDK 64-Bit Server VM (11.0.11+9-b60-7590822, mixed mode, tiered, compressed oops, g1 gc, windows-amd64)
Heap:
 garbage-first heap   total 260096K, used 10375K [0x0000000702000000, 0x0000000800000000)
  region size 1024K, 1 young (1024K), 1 survivors (1024K)
 Metaspace       used 22514K, capacity 22714K, committed 22780K, reserved 1077248K
  class space    used 2403K, capacity 2527K, committed 2556K, reserved 1048576K
GC Heap History (6 events):
Event: 1.095 GC heap before
{Heap before GC invocations=0 (full 0):
 garbage-first heap   total 260096K, used 17408K [0x0000000702000000, 0x0000000800000000)
  region size 1024K, 14 young (14336K), 0 survivors (0K)
 Metaspace       used 9762K, capacity 9871K, committed 10112K, reserved 1058816K
  class space    used 834K, capacity 884K, committed 896K, reserved 1048576K
}
Event: 1.130 GC heap after
{Heap after GC invocations=1 (full 0):
 garbage-first heap   total 260096K, used 5433K [0x0000000702000000, 0x0000000800000000)
  region size 1024K, 2 young (2048K), 2 survivors (2048K)
 Metaspace       used 9762K, capacity 9871K, committed 10112K, reserved 1058816K
  class space    used 834K, capacity 884K, committed 896K, reserved 1048576K
}
Event: 2.972 GC heap before
{Heap before GC invocations=1 (full 0):
 garbage-first heap   total 260096K, used 51513K [0x0000000702000000, 0x0000000800000000)
  region size 1024K, 48 young (49152K), 2 survivors (2048K)
 Metaspace       used 21008K, capacity 21180K, committed 21248K, reserved 1069056K
  class space    used 2202K, capacity 2291K, committed 2304K, reserved 1048576K
}
Event: 2.990 GC heap after
{Heap after GC invocations=2 (full 0):
 garbage-first heap   total 260096K, used 9566K [0x0000000702000000, 0x0000000800000000)
  region size 1024K, 7 young (7168K), 7 survivors (7168K)
 Metaspace       used 21008K, capacity 21180K, committed 21248K, reserved 1069056K
  class space    used 2202K, capacity 2291K, committed 2304K, reserved 1048576K
}
Event: 3.223 GC heap before
{Heap before GC invocations=3 (full 0):
 garbage-first heap   total 260096K, used 14686K [0x0000000702000000, 0x0000000800000000)
  region size 1024K, 13 young (13312K), 7 survivors (7168K)
 Metaspace       used 22514K, capacity 22714K, committed 22780K, reserved 1075200K
  class space    used 2403K, capacity 2527K, committed 2556K, reserved 1048576K
}
Event: 3.240 GC heap after
{Heap after GC invocations=4 (full 0):
 garbage-first heap   total 260096K, used 10375K [0x0000000702000000, 0x0000000800000000)
  region size 1024K, 1 young (1024K), 1 survivors (1024K)
 Metaspace       used 22514K, capacity 22714K, committed 22780K, reserved 1075200K
  class space    used 2403K, capacity 2527K, committed 2556K, reserved 1048576K
}

